18:44:57.888 [main                     ] DEBUG Logger               - Configured Logger
18:44:57.897 [main                     ] DEBUG GameApplication      - Logging settings
Title: MineTower
Version: 0.0
Width: 1920
Height: 1080
Fullscreen: false
Intro: false
Profiling: false
Single step:false
App Mode: DEVELOPER
Menu Key: ESCAPE
Stage Style: DECORATED
Scene Factory: class com.almasb.fxgl.app.scene.SceneFactory

18:44:58.047 [JavaFX Application Thread] DEBUG FXGLApplication      - Initializing FXGL
18:44:58.048 [JavaFX Application Thread] INFO  Engine               - FXGL-17.3 (30.03.2023 11.49) on MAC (J:21.0.8 FX:21.0.6)
18:44:58.048 [JavaFX Application Thread] DEBUG Engine               - JRE Vendor Name: Oracle Corporation
18:44:58.048 [JavaFX Application Thread] DEBUG Engine               - Running on OS: Mac OS X version 15.6.1
18:44:58.048 [JavaFX Application Thread] DEBUG Engine               - Architecture: aarch64
18:44:58.048 [JavaFX Application Thread] INFO  Engine               - Source code and latest versions at: https://github.com/AlmasB/FXGL
18:44:58.048 [JavaFX Application Thread] INFO  Engine               -       Ask questions and discuss at: https://github.com/AlmasB/FXGL/discussions
18:44:58.048 [JavaFX Application Thread] INFO  Engine               -              Join the FXGL chat at: https://gitter.im/AlmasB/FXGL
18:44:58.078 [JavaFX Application Thread] DEBUG PrimaryStageWindow   - Creating a JavaFX scene
18:44:58.079 [JavaFX Application Thread] DEBUG PrimaryStageWindow   - Target size > screen size
18:44:58.095 [JavaFX Application Thread] DEBUG PrimaryStageWindow   - Target settings size: 1920.0 x 1080.0
18:44:58.095 [JavaFX Application Thread] DEBUG PrimaryStageWindow   - Scaled scene size:    1445.0 x 826.0
18:44:58.096 [JavaFX Application Thread] DEBUG PrimaryStageWindow   - Scaled ratio: (0.7526041666666666, 0.7648148148148148)
18:44:58.096 [JavaFX Application Thread] DEBUG PrimaryStageWindow   - Set initial scene to FXGLStartupScene
18:44:58.097 [JavaFX Application Thread] DEBUG PrimaryStageWindow   - Opening main window
18:44:58.143 [JavaFX Application Thread] DEBUG PrimaryStageWindow   - Window border size: (0.0, 28.0)
18:44:58.143 [JavaFX Application Thread] DEBUG PrimaryStageWindow   - Scaled size: 1445.0 x 826.0
18:44:58.143 [JavaFX Application Thread] DEBUG PrimaryStageWindow   - Scaled ratio: (0.7526041666666666, 0.7648148148148148)
18:44:58.143 [JavaFX Application Thread] DEBUG PrimaryStageWindow   - Scene size: 1445.0 x 826.0
18:44:58.143 [JavaFX Application Thread] DEBUG PrimaryStageWindow   - Stage size: 1445.0 x 854.0
18:44:58.145 [FXGL Background Thread 1 ] DEBUG Engine               - Initializing environment variables
18:44:58.164 [FXGL Background Thread 1 ] DEBUG FXGLAssetLoaderServi - User app class for loading assets: class org.example.StartMenu
18:44:58.164 [FXGL Background Thread 1 ] DEBUG GameApplicationServi - Applying CSS: fxgl_dark.css
18:44:58.164 [FXGL Background Thread 1 ] DEBUG FXGLAssetLoaderServi - Loading from file system: jar:file:///Users/litiansuo/.m2/repository/com/github/almasb/fxgl/17.3/fxgl-17.3.jar!/fxglassets/ui/css/fxgl_dark.css
18:44:58.182 [FXGL Background Thread 1 ] DEBUG GameApplicationServi - Initializing application scenes
18:44:58.275 [FXGL Background Thread 1 ] DEBUG GameWorld            - Game world initialized
18:44:58.293 [FXGL Background Thread 1 ] DEBUG PhysicsWorld         - Physics world initialized: appHeight=1080, physics.ppm=50.0
18:44:58.293 [FXGL Background Thread 1 ] DEBUG PhysicsWorld         - Using strategy: BRUTE_FORCE
18:44:58.294 [FXGL Background Thread 1 ] DEBUG GameScene            - Game scene initialized: 1920x1080
18:44:58.298 [FXGL Background Thread 1 ] DEBUG FXGL.DefaultMenu     - createMenuBodyGameMenu()
18:44:58.303 [FXGL Background Thread 1 ] DEBUG FXGL.DefaultMenu     - createOptionsMenu()
18:44:58.305 [FXGL Background Thread 1 ] DEBUG FXGLAssetLoaderServi - Loading from file system: jar:file:///Users/litiansuo/.m2/repository/com/github/almasb/fxgl/17.3/fxgl-17.3.jar!/fxglassets/textures/particles/smoke.png
18:44:58.337 [FXGL Background Thread 1 ] DEBUG FXGLAssetLoaderServi - Loading from file system: jar:file:///Users/litiansuo/.m2/repository/com/github/almasb/fxgl/17.3/fxgl-17.3.jar!/fxglassets/textures/particles/trace_horizontal.png
18:44:58.346 [FXGL Background Thread 1 ] DEBUG GameApplicationServi - Application scenes initialized
18:44:58.349 [FXGL Background Thread 1 ] DEBUG SystemBundleService  - Loading FXGL system data
18:44:58.350 [FXGL Background Thread 1 ] DEBUG FileSystemAccess     - Reading from: /Users/litiansuo/IdeaProjects/MineTower/system/fxgl.bundle
18:44:58.353 [FXGL Background Thread 1 ] DEBUG SystemBundleService  - Bundle FXGL: {}
18:44:58.353 [FXGL Background Thread 1 ] DEBUG UpdaterService       - Checking for updates
18:44:58.354 [FXGL Background Thread 4 ] DEBUG FXGLApplication      - Loading fonts
18:44:58.354 [FXGL Background Thread 4 ] DEBUG FXGLAssetLoaderServi - Loading from file system: jar:file:///Users/litiansuo/.m2/repository/com/github/almasb/fxgl/17.3/fxgl-17.3.jar!/fxglassets/ui/fonts/VarelaRound-Regular.ttf
18:44:58.355 [FXGL Background Thread 1 ] DEBUG FXGLApplication      - Loading default localization
18:44:58.355 [FXGL Background Thread 1 ] DEBUG FXGLAssetLoaderServi - Loading from file system: jar:file:///Users/litiansuo/.m2/repository/com/github/almasb/fxgl/17.3/fxgl-17.3.jar!/fxglassets/languages/english.lang
18:44:58.360 [FXGL Background Thread 1 ] INFO  FXGLApplication      - FXGL initialization took: 0.214 sec
18:44:58.360 [JavaFX Application Thread] DEBUG FXGLAssetLoaderServi - Loading from file system: jar:file:///Users/litiansuo/.m2/repository/com/github/almasb/fxgl/17.3/fxgl-17.3.jar!/fxglassets/textures/fxgl_icon.png
18:44:58.361 [FXGL Background Thread 4 ] DEBUG FXGLAssetLoaderServi - Loading from file system: jar:file:///Users/litiansuo/.m2/repository/com/github/almasb/fxgl/17.3/fxgl-17.3.jar!/fxglassets/ui/fonts/Abel-Regular.ttf
18:44:58.362 [FXGL Background Thread 4 ] DEBUG FXGLAssetLoaderServi - Loading from file system: jar:file:///Users/litiansuo/.m2/repository/com/github/almasb/fxgl/17.3/fxgl-17.3.jar!/fxglassets/ui/fonts/TerminalLandMono-Regular.otf
18:44:58.363 [FXGL Background Thread 4 ] DEBUG FXGLAssetLoaderServi - Loading from file system: jar:file:///Users/litiansuo/.m2/repository/com/github/almasb/fxgl/17.3/fxgl-17.3.jar!/fxglassets/ui/fonts/Courier-Prime.ttf
18:44:58.371 [JavaFX Application Thread] DEBUG FXGLAssetLoaderServi - Loading from file system: jar:file:///Users/litiansuo/.m2/repository/com/github/almasb/fxgl/17.3/fxgl-17.3.jar!/fxglassets/textures/fxgl_default_cursor.png
18:44:58.374 [JavaFX Application Thread] DEBUG Input                - Registered new binding: Screenshot - CTRL+8
18:44:58.374 [JavaFX Application Thread] DEBUG Input                - Registered new binding: System info dump - CTRL+9
18:44:58.374 [JavaFX Application Thread] DEBUG Input                - Registered new binding: Restart - CTRL+R
18:44:58.374 [JavaFX Application Thread] DEBUG Input                - Registered new binding: Toggle Debug Camera - CTRL+7
18:44:58.374 [JavaFX Application Thread] DEBUG LoopRunner           - Starting loop
18:44:58.375 [JavaFX Application Thread] DEBUG LoopRunner           - Initializing JavaFX AnimationTimerLoop
18:44:58.375 [JavaFX Application Thread] DEBUG GameApplicationServi - Starting new game
18:44:58.375 [JavaFX Application Thread] DEBUG Input                - Clearing active input actions
18:44:58.378 [JavaFX Application Thread] DEBUG GameApplicationServi - Removing overlay from FXGLStartupScene and adding to FXGLLoadingScene
18:44:58.378 [JavaFX Application Thread] DEBUG PrimaryStageWindow   - FXGLStartupScene -> FXGLLoadingScene
18:44:58.378 [JavaFX Application Thread] DEBUG GameApplicationServi - Clearing previous game
18:44:58.378 [JavaFX Application Thread] DEBUG GameScene            - Clearing game scene
18:44:58.378 [JavaFX Application Thread] DEBUG GameWorld            - Clearing game world
18:44:58.378 [JavaFX Application Thread] DEBUG PhysicsWorld         - Clearing physics world
18:44:58.380 [FXGL Background Thread 4 ] DEBUG FXGLApplication      - Initializing game
18:44:58.381 [JavaFX Application Thread] DEBUG FXGLApplication      - Registering font factories with UI factory
18:44:58.408 [FXGL Background Thread 4 ] INFO  FXGLApplication      - Game initialization took: 0.028 sec
18:44:58.409 [JavaFX Application Thread] DEBUG Input                - Clearing active input actions
18:44:58.411 [JavaFX Application Thread] DEBUG GameApplicationServi - Removing overlay from FXGLLoadingScene and adding to GameScene
18:44:58.411 [JavaFX Application Thread] DEBUG PrimaryStageWindow   - FXGLLoadingScene -> GameScene
18:44:58.886 [FXGL Background Thread 2 ] INFO  UpdaterService       - Your current version:  17.3
18:44:58.887 [FXGL Background Thread 2 ] INFO  UpdaterService       - Latest stable version: 21.1
18:45:00.506 [JavaFX Application Thread] DEBUG FXGLApplication      - Exiting FXGL
18:45:00.506 [JavaFX Application Thread] DEBUG LoopRunner           - Stopping loop
18:45:00.506 [JavaFX Application Thread] DEBUG SystemBundleService  - Saving FXGL system data
18:45:00.507 [JavaFX Application Thread] DEBUG FileSystemAccess     - Writing to: /Users/litiansuo/IdeaProjects/MineTower/system/fxgl.bundle
18:45:00.508 [JavaFX Application Thread] DEBUG Async                - Shutting down background threads
18:45:00.508 [JavaFX Application Thread] DEBUG PrimaryStageWindow   - Closing main window
18:45:00.526 [JavaFX Application Thread] DEBUG Logger               - Closing Logger
