19:43:36.879 [main                     ] DEBUG Logger               - Configured Logger
19:43:36.890 [main                     ] DEBUG GameApplication      - Logging settings
Title: MineTower
Version: 0.0
Width: 1920
Height: 1080
Fullscreen: false
Intro: false
Profiling: false
Single step:false
App Mode: DEVELOPER
Menu Key: ESCAPE
Stage Style: DECORATED
Scene Factory: class com.almasb.fxgl.app.scene.SceneFactory

19:43:37.049 [JavaFX Application Thread] DEBUG FXGLApplication      - Initializing FXGL
19:43:37.051 [JavaFX Application Thread] INFO  Engine               - FXGL-17.3 (30.03.2023 11.49) on MAC (J:21.0.8 FX:21.0.6)
19:43:37.051 [JavaFX Application Thread] DEBUG Engine               - JRE Vendor Name: Oracle Corporation
19:43:37.051 [JavaFX Application Thread] DEBUG Engine               - Running on OS: Mac OS X version 15.6.1
19:43:37.051 [JavaFX Application Thread] DEBUG Engine               - Architecture: aarch64
19:43:37.051 [JavaFX Application Thread] INFO  Engine               - Source code and latest versions at: https://github.com/AlmasB/FXGL
19:43:37.051 [JavaFX Application Thread] INFO  Engine               -       Ask questions and discuss at: https://github.com/AlmasB/FXGL/discussions
19:43:37.051 [JavaFX Application Thread] INFO  Engine               -              Join the FXGL chat at: https://gitter.im/AlmasB/FXGL
19:43:37.092 [JavaFX Application Thread] DEBUG PrimaryStageWindow   - Creating a JavaFX scene
19:43:37.092 [JavaFX Application Thread] DEBUG PrimaryStageWindow   - Target size > screen size
19:43:37.110 [JavaFX Application Thread] DEBUG PrimaryStageWindow   - Target settings size: 1920.0 x 1080.0
19:43:37.110 [JavaFX Application Thread] DEBUG PrimaryStageWindow   - Scaled scene size:    1445.0 x 826.0
19:43:37.110 [JavaFX Application Thread] DEBUG PrimaryStageWindow   - Scaled ratio: (0.7526041666666666, 0.7648148148148148)
19:43:37.111 [JavaFX Application Thread] DEBUG PrimaryStageWindow   - Set initial scene to FXGLStartupScene
19:43:37.112 [JavaFX Application Thread] DEBUG PrimaryStageWindow   - Opening main window
19:43:37.196 [JavaFX Application Thread] DEBUG PrimaryStageWindow   - Window border size: (0.0, 28.0)
19:43:37.196 [JavaFX Application Thread] DEBUG PrimaryStageWindow   - Scaled size: 1445.0 x 826.0
19:43:37.197 [JavaFX Application Thread] DEBUG PrimaryStageWindow   - Scaled ratio: (0.7526041666666666, 0.7648148148148148)
19:43:37.197 [JavaFX Application Thread] DEBUG PrimaryStageWindow   - Scene size: 1445.0 x 826.0
19:43:37.197 [JavaFX Application Thread] DEBUG PrimaryStageWindow   - Stage size: 1445.0 x 854.0
19:43:37.200 [FXGL Background Thread 1 ] DEBUG Engine               - Initializing environment variables
19:43:37.219 [FXGL Background Thread 1 ] DEBUG FXGLAssetLoaderServi - User app class for loading assets: class org.example.StartMenu
19:43:37.219 [FXGL Background Thread 1 ] DEBUG GameApplicationServi - Applying CSS: fxgl_dark.css
19:43:37.220 [FXGL Background Thread 1 ] DEBUG FXGLAssetLoaderServi - Loading from file system: jar:file:///Users/litiansuo/.m2/repository/com/github/almasb/fxgl/17.3/fxgl-17.3.jar!/fxglassets/ui/css/fxgl_dark.css
19:43:37.236 [FXGL Background Thread 1 ] DEBUG GameApplicationServi - Initializing application scenes
19:43:37.330 [FXGL Background Thread 1 ] DEBUG GameWorld            - Game world initialized
19:43:37.348 [FXGL Background Thread 1 ] DEBUG PhysicsWorld         - Physics world initialized: appHeight=1080, physics.ppm=50.0
19:43:37.349 [FXGL Background Thread 1 ] DEBUG PhysicsWorld         - Using strategy: BRUTE_FORCE
19:43:37.350 [FXGL Background Thread 1 ] DEBUG GameScene            - Game scene initialized: 1920x1080
19:43:37.353 [FXGL Background Thread 1 ] DEBUG FXGL.DefaultMenu     - createMenuBodyGameMenu()
19:43:37.359 [FXGL Background Thread 1 ] DEBUG FXGL.DefaultMenu     - createOptionsMenu()
19:43:37.361 [FXGL Background Thread 1 ] DEBUG FXGLAssetLoaderServi - Loading from file system: jar:file:///Users/litiansuo/.m2/repository/com/github/almasb/fxgl/17.3/fxgl-17.3.jar!/fxglassets/textures/particles/smoke.png
19:43:37.399 [FXGL Background Thread 1 ] DEBUG FXGLAssetLoaderServi - Loading from file system: jar:file:///Users/litiansuo/.m2/repository/com/github/almasb/fxgl/17.3/fxgl-17.3.jar!/fxglassets/textures/particles/trace_horizontal.png
19:43:37.408 [FXGL Background Thread 1 ] DEBUG GameApplicationServi - Application scenes initialized
19:43:37.412 [FXGL Background Thread 1 ] DEBUG SystemBundleService  - Loading FXGL system data
19:43:37.413 [FXGL Background Thread 1 ] DEBUG FileSystemAccess     - Reading from: /Users/litiansuo/IdeaProjects/MineTower/system/fxgl.bundle
19:43:37.416 [FXGL Background Thread 1 ] DEBUG SystemBundleService  - Bundle FXGL: {}
19:43:37.416 [FXGL Background Thread 1 ] DEBUG UpdaterService       - Checking for updates
19:43:37.417 [FXGL Background Thread 4 ] DEBUG FXGLApplication      - Loading fonts
19:43:37.417 [FXGL Background Thread 1 ] DEBUG FXGLApplication      - Loading default localization
19:43:37.418 [FXGL Background Thread 4 ] DEBUG FXGLAssetLoaderServi - Loading from file system: jar:file:///Users/litiansuo/.m2/repository/com/github/almasb/fxgl/17.3/fxgl-17.3.jar!/fxglassets/ui/fonts/VarelaRound-Regular.ttf
19:43:37.418 [FXGL Background Thread 1 ] DEBUG FXGLAssetLoaderServi - Loading from file system: jar:file:///Users/litiansuo/.m2/repository/com/github/almasb/fxgl/17.3/fxgl-17.3.jar!/fxglassets/languages/english.lang
19:43:37.423 [FXGL Background Thread 1 ] INFO  FXGLApplication      - FXGL initialization took: 0.224 sec
19:43:37.424 [JavaFX Application Thread] DEBUG FXGLAssetLoaderServi - Loading from file system: jar:file:///Users/litiansuo/.m2/repository/com/github/almasb/fxgl/17.3/fxgl-17.3.jar!/fxglassets/textures/fxgl_icon.png
19:43:37.425 [FXGL Background Thread 4 ] DEBUG FXGLAssetLoaderServi - Loading from file system: jar:file:///Users/litiansuo/.m2/repository/com/github/almasb/fxgl/17.3/fxgl-17.3.jar!/fxglassets/ui/fonts/Abel-Regular.ttf
19:43:37.426 [FXGL Background Thread 4 ] DEBUG FXGLAssetLoaderServi - Loading from file system: jar:file:///Users/litiansuo/.m2/repository/com/github/almasb/fxgl/17.3/fxgl-17.3.jar!/fxglassets/ui/fonts/TerminalLandMono-Regular.otf
19:43:37.427 [FXGL Background Thread 4 ] DEBUG FXGLAssetLoaderServi - Loading from file system: jar:file:///Users/litiansuo/.m2/repository/com/github/almasb/fxgl/17.3/fxgl-17.3.jar!/fxglassets/ui/fonts/Courier-Prime.ttf
19:43:37.435 [JavaFX Application Thread] DEBUG FXGLAssetLoaderServi - Loading from file system: jar:file:///Users/litiansuo/.m2/repository/com/github/almasb/fxgl/17.3/fxgl-17.3.jar!/fxglassets/textures/fxgl_default_cursor.png
19:43:37.438 [JavaFX Application Thread] DEBUG Input                - Registered new binding: Screenshot - CTRL+8
19:43:37.438 [JavaFX Application Thread] DEBUG Input                - Registered new binding: System info dump - CTRL+9
19:43:37.438 [JavaFX Application Thread] DEBUG Input                - Registered new binding: Restart - CTRL+R
19:43:37.438 [JavaFX Application Thread] DEBUG Input                - Registered new binding: Toggle Debug Camera - CTRL+7
19:43:37.439 [JavaFX Application Thread] DEBUG LoopRunner           - Starting loop
19:43:37.439 [JavaFX Application Thread] DEBUG LoopRunner           - Initializing JavaFX AnimationTimerLoop
19:43:37.439 [JavaFX Application Thread] DEBUG GameApplicationServi - Starting new game
19:43:37.439 [JavaFX Application Thread] DEBUG Input                - Clearing active input actions
19:43:37.442 [JavaFX Application Thread] DEBUG GameApplicationServi - Removing overlay from FXGLStartupScene and adding to FXGLLoadingScene
19:43:37.442 [JavaFX Application Thread] DEBUG PrimaryStageWindow   - FXGLStartupScene -> FXGLLoadingScene
19:43:37.442 [JavaFX Application Thread] DEBUG GameApplicationServi - Clearing previous game
19:43:37.442 [JavaFX Application Thread] DEBUG GameScene            - Clearing game scene
19:43:37.442 [JavaFX Application Thread] DEBUG GameWorld            - Clearing game world
19:43:37.442 [JavaFX Application Thread] DEBUG PhysicsWorld         - Clearing physics world
19:43:37.443 [FXGL Background Thread 4 ] DEBUG FXGLApplication      - Initializing game
19:43:37.445 [JavaFX Application Thread] DEBUG FXGLApplication      - Registering font factories with UI factory
19:43:37.474 [FXGL Background Thread 4 ] INFO  FXGLApplication      - Game initialization took: 0.031 sec
19:43:37.487 [JavaFX Application Thread] DEBUG Input                - Clearing active input actions
19:43:37.489 [JavaFX Application Thread] DEBUG GameApplicationServi - Removing overlay from FXGLLoadingScene and adding to GameScene
19:43:37.489 [JavaFX Application Thread] DEBUG PrimaryStageWindow   - FXGLLoadingScene -> GameScene
19:43:38.631 [FXGL Background Thread 2 ] INFO  UpdaterService       - Your current version:  17.3
19:43:38.632 [FXGL Background Thread 2 ] INFO  UpdaterService       - Latest stable version: 21.1
19:43:40.422 [FXGL Background Thread 3 ] DEBUG Engine               - Logging environment variables
19:43:40.424 [FXGL Background Thread 3 ] DEBUG Engine               - achievements: []
19:43:40.424 [FXGL Background Thread 3 ] DEBUG Engine               - actualHeight: 826.0
19:43:40.424 [FXGL Background Thread 3 ] DEBUG Engine               - actualHeightProperty: ReadOnlyDoubleProperty [value: 826.0]
19:43:40.424 [FXGL Background Thread 3 ] DEBUG Engine               - actualWidth: 1445.0
19:43:40.424 [FXGL Background Thread 3 ] DEBUG Engine               - actualWidthProperty: ReadOnlyDoubleProperty [value: 1445.0]
19:43:40.425 [FXGL Background Thread 3 ] DEBUG Engine               - appIcon: fxgl_icon.png
19:43:40.425 [FXGL Background Thread 3 ] DEBUG Engine               - applicationMode: DEVELOPER
19:43:40.425 [FXGL Background Thread 3 ] DEBUG Engine               - cSSList: [fxgl_dark.css]
19:43:40.425 [FXGL Background Thread 3 ] DEBUG Engine               - collisionDetectionStrategy: BRUTE_FORCE
19:43:40.425 [FXGL Background Thread 3 ] DEBUG Engine               - configClass: Optional.empty
19:43:40.425 [FXGL Background Thread 3 ] DEBUG Engine               - credits: []
19:43:40.426 [FXGL Background Thread 3 ] DEBUG Engine               - defaultCursor: CursorInfo(imageName=fxgl_default_cursor.png, hotspotX=7.0, hotspotY=6.0)
19:43:40.426 [FXGL Background Thread 3 ] DEBUG Engine               - devBBoxColorProperty: ObjectProperty [value: 0xff0000ff]
19:43:40.426 [FXGL Background Thread 3 ] DEBUG Engine               - devEnableDebugCameraProperty: BooleanProperty [value: false]
19:43:40.426 [FXGL Background Thread 3 ] DEBUG Engine               - devSensorColorProperty: ObjectProperty [value: 0xffff00ff]
19:43:40.426 [FXGL Background Thread 3 ] DEBUG Engine               - devShowBBoxProperty: BooleanProperty [value: false]
19:43:40.426 [FXGL Background Thread 3 ] DEBUG Engine               - devShowPositionProperty: BooleanProperty [value: false]
19:43:40.426 [FXGL Background Thread 3 ] DEBUG Engine               - enabledMenuItems: []
19:43:40.427 [FXGL Background Thread 3 ] DEBUG Engine               - engineServices: [class com.almasb.fxgl.app.services.FXGLAssetLoaderService, class com.almasb.fxgl.app.FXGLApplication$GameApplicationService, class com.almasb.fxgl.app.services.FXGLDialogService, class com.almasb.fxgl.app.services.IOTaskExecutorService, class com.almasb.fxgl.io.FileSystemService, class com.almasb.fxgl.localization.LocalizationService, class com.almasb.fxgl.app.services.SystemBundleService, class com.almasb.fxgl.profile.SaveLoadService, class com.almasb.fxgl.ui.FXGLUIFactoryServiceProvider, class com.almasb.fxgl.ui.FXGLDialogFactoryServiceProvider, class com.almasb.fxgl.audio.AudioPlayer, class com.almasb.fxgl.notification.impl.NotificationServiceProvider, class com.almasb.fxgl.achievement.AchievementService, class com.almasb.fxgl.cutscene.CutsceneService, class com.almasb.fxgl.minigames.MiniGameService, class com.almasb.fxgl.net.NetService, class com.almasb.fxgl.app.services.UpdaterService, class com.almasb.fxgl.dev.DevService]
19:43:40.427 [FXGL Background Thread 3 ] DEBUG Engine               - fontGame: Abel-Regular.ttf
19:43:40.427 [FXGL Background Thread 3 ] DEBUG Engine               - fontMono: TerminalLandMono-Regular.otf
19:43:40.427 [FXGL Background Thread 3 ] DEBUG Engine               - fontSizeScaleUI: 1.0
19:43:40.427 [FXGL Background Thread 3 ] DEBUG Engine               - fontText: Courier-Prime.ttf
19:43:40.427 [FXGL Background Thread 3 ] DEBUG Engine               - fontUI: VarelaRound-Regular.ttf
19:43:40.427 [FXGL Background Thread 3 ] DEBUG Engine               - fullScreen: BooleanProperty [value: false]
19:43:40.427 [FXGL Background Thread 3 ] DEBUG Engine               - gameDifficulty: MEDIUM
19:43:40.427 [FXGL Background Thread 3 ] DEBUG Engine               - gameDifficultyProperty: ObjectProperty [value: MEDIUM]
19:43:40.427 [FXGL Background Thread 3 ] DEBUG Engine               - globalMusicVolume: 0.5
19:43:40.427 [FXGL Background Thread 3 ] DEBUG Engine               - globalMusicVolumeProperty: DoubleProperty [value: 0.5]
19:43:40.427 [FXGL Background Thread 3 ] DEBUG Engine               - globalSoundVolume: 0.5
19:43:40.427 [FXGL Background Thread 3 ] DEBUG Engine               - globalSoundVolumeProperty: DoubleProperty [value: 0.5]
19:43:40.427 [FXGL Background Thread 3 ] DEBUG Engine               - height: 1080
19:43:40.427 [FXGL Background Thread 3 ] DEBUG Engine               - is3D: false
19:43:40.427 [FXGL Background Thread 3 ] DEBUG Engine               - isAndroid: false
19:43:40.427 [FXGL Background Thread 3 ] DEBUG Engine               - isBrowser: false
19:43:40.427 [FXGL Background Thread 3 ] DEBUG Engine               - isClickFeedbackEnabled: false
19:43:40.427 [FXGL Background Thread 3 ] DEBUG Engine               - isCloseConfirmation: false
19:43:40.428 [FXGL Background Thread 3 ] DEBUG Engine               - isDesktop: true
19:43:40.428 [FXGL Background Thread 3 ] DEBUG Engine               - isDeveloperMenuEnabled: false
19:43:40.428 [FXGL Background Thread 3 ] DEBUG Engine               - isEmbedded: false
19:43:40.428 [FXGL Background Thread 3 ] DEBUG Engine               - isEntityPreloadEnabled: true
19:43:40.428 [FXGL Background Thread 3 ] DEBUG Engine               - isExperimentalTiledLargeMap: false
19:43:40.428 [FXGL Background Thread 3 ] DEBUG Engine               - isFileSystemWriteAllowed: true
19:43:40.428 [FXGL Background Thread 3 ] DEBUG Engine               - isFullScreenAllowed: false
19:43:40.428 [FXGL Background Thread 3 ] DEBUG Engine               - isFullScreenFromStart: false
19:43:40.428 [FXGL Background Thread 3 ] DEBUG Engine               - isGameMenuEnabled: true
19:43:40.428 [FXGL Background Thread 3 ] DEBUG Engine               - isIOS: false
19:43:40.428 [FXGL Background Thread 3 ] DEBUG Engine               - isIntroEnabled: false
19:43:40.428 [FXGL Background Thread 3 ] DEBUG Engine               - isLinux: false
19:43:40.428 [FXGL Background Thread 3 ] DEBUG Engine               - isMac: true
19:43:40.428 [FXGL Background Thread 3 ] DEBUG Engine               - isMainMenuEnabled: false
19:43:40.428 [FXGL Background Thread 3 ] DEBUG Engine               - isManualResizeEnabled: false
19:43:40.428 [FXGL Background Thread 3 ] DEBUG Engine               - isMobile: false
19:43:40.428 [FXGL Background Thread 3 ] DEBUG Engine               - isNative: false
19:43:40.428 [FXGL Background Thread 3 ] DEBUG Engine               - isPauseMusicWhenMinimized: true
19:43:40.428 [FXGL Background Thread 3 ] DEBUG Engine               - isPreserveResizeRatio: false
19:43:40.428 [FXGL Background Thread 3 ] DEBUG Engine               - isProfilingEnabled: false
19:43:40.428 [FXGL Background Thread 3 ] DEBUG Engine               - isScaleAffectedOnResize: true
19:43:40.428 [FXGL Background Thread 3 ] DEBUG Engine               - isSingleStep: false
19:43:40.428 [FXGL Background Thread 3 ] DEBUG Engine               - isUserProfileEnabled: false
19:43:40.428 [FXGL Background Thread 3 ] DEBUG Engine               - isWindows: false
19:43:40.428 [FXGL Background Thread 3 ] DEBUG Engine               - language: ObjectProperty [value: ENGLISH]
19:43:40.428 [FXGL Background Thread 3 ] DEBUG Engine               - menuKey: ESCAPE
19:43:40.428 [FXGL Background Thread 3 ] DEBUG Engine               - mouseSensitivity: 0.2
19:43:40.429 [FXGL Background Thread 3 ] DEBUG Engine               - notificationViewClass: class com.almasb.fxgl.notification.view.XboxNotificationView
19:43:40.429 [FXGL Background Thread 3 ] DEBUG Engine               - pixelsPerMeter: 50.0
19:43:40.429 [FXGL Background Thread 3 ] DEBUG Engine               - platform: MAC
19:43:40.429 [FXGL Background Thread 3 ] DEBUG Engine               - prefHeightProperty: ReadOnlyDoubleProperty [value: 1080.0]
19:43:40.429 [FXGL Background Thread 3 ] DEBUG Engine               - prefWidthProperty: ReadOnlyDoubleProperty [value: 1920.0]
19:43:40.429 [FXGL Background Thread 3 ] DEBUG Engine               - profileDir: profiles/
19:43:40.429 [FXGL Background Thread 3 ] DEBUG Engine               - profileName: StringProperty [value: DEFAULT]
19:43:40.429 [FXGL Background Thread 3 ] DEBUG Engine               - randomSeed: -1
19:43:40.429 [FXGL Background Thread 3 ] DEBUG Engine               - runtimeInfo: RuntimeInfo(platform=MAC, version=17.3, build=30.03.2023 11.49)
19:43:40.429 [FXGL Background Thread 3 ] DEBUG Engine               - saveFileExt: sav
19:43:40.429 [FXGL Background Thread 3 ] DEBUG Engine               - scaledHeightProp$fxgl: DoubleProperty [bound, value: 826.0]
19:43:40.429 [FXGL Background Thread 3 ] DEBUG Engine               - scaledWidthProp$fxgl: DoubleProperty [bound, value: 1445.0]
19:43:40.429 [FXGL Background Thread 3 ] DEBUG Engine               - sceneFactory: com.almasb.fxgl.app.scene.SceneFactory@6fc2ce3
19:43:40.429 [FXGL Background Thread 3 ] DEBUG Engine               - secondsIn24h: 60
19:43:40.429 [FXGL Background Thread 3 ] DEBUG Engine               - soundMenuBack: menu/back.wav
19:43:40.429 [FXGL Background Thread 3 ] DEBUG Engine               - soundMenuPress: menu/press.wav
19:43:40.429 [FXGL Background Thread 3 ] DEBUG Engine               - soundMenuSelect: menu/select.wav
19:43:40.429 [FXGL Background Thread 3 ] DEBUG Engine               - soundNotification: core/notification.wav
19:43:40.429 [FXGL Background Thread 3 ] DEBUG Engine               - stageStyle: DECORATED
19:43:40.429 [FXGL Background Thread 3 ] DEBUG Engine               - supportedLanguages: [ENGLISH, FRENCH, GERMAN, HUNGARIAN, RUSSIAN]
19:43:40.429 [FXGL Background Thread 3 ] DEBUG Engine               - ticksPerSecond: -1
19:43:40.429 [FXGL Background Thread 3 ] DEBUG Engine               - title: MineTower
19:43:40.429 [FXGL Background Thread 3 ] DEBUG Engine               - urlGithub: https://github.com/AlmasB/FXGL
19:43:40.430 [FXGL Background Thread 3 ] DEBUG Engine               - urlLeaderboard: http://fxgl-top.herokuapp.com/
19:43:40.430 [FXGL Background Thread 3 ] DEBUG Engine               - urlPOM: https://raw.githubusercontent.com/AlmasB/FXGL/release/README.md
19:43:40.430 [FXGL Background Thread 3 ] DEBUG Engine               - userAppClass: class org.example.StartMenu
19:43:40.430 [FXGL Background Thread 3 ] DEBUG Engine               - version: 0.0
19:43:40.430 [FXGL Background Thread 3 ] DEBUG Engine               - versionCheckDays: 7
19:43:40.430 [FXGL Background Thread 3 ] DEBUG Engine               - width: 1920
19:43:40.430 [FXGL Background Thread 3 ] DEBUG Engine               - Logging services
19:43:40.430 [FXGL Background Thread 3 ] DEBUG Engine               - class com.almasb.fxgl.app.services.FXGLAssetLoaderService
19:43:40.430 [FXGL Background Thread 3 ] DEBUG Engine               - class com.almasb.fxgl.app.FXGLApplication$GameApplicationService
19:43:40.430 [FXGL Background Thread 3 ] DEBUG Engine               - class com.almasb.fxgl.app.services.FXGLDialogService
19:43:40.430 [FXGL Background Thread 3 ] DEBUG Engine               - class com.almasb.fxgl.app.services.IOTaskExecutorService
19:43:40.430 [FXGL Background Thread 3 ] DEBUG Engine               - class com.almasb.fxgl.io.FileSystemService
19:43:40.430 [FXGL Background Thread 3 ] DEBUG Engine               - class com.almasb.fxgl.localization.LocalizationService
19:43:40.430 [FXGL Background Thread 3 ] DEBUG Engine               - class com.almasb.fxgl.app.services.SystemBundleService
19:43:40.430 [FXGL Background Thread 3 ] DEBUG Engine               - class com.almasb.fxgl.profile.SaveLoadService
19:43:40.430 [FXGL Background Thread 3 ] DEBUG Engine               - class com.almasb.fxgl.ui.FXGLUIFactoryServiceProvider
19:43:40.430 [FXGL Background Thread 3 ] DEBUG Engine               - class com.almasb.fxgl.ui.FXGLDialogFactoryServiceProvider
19:43:40.430 [FXGL Background Thread 3 ] DEBUG Engine               - class com.almasb.fxgl.audio.AudioPlayer
19:43:40.430 [FXGL Background Thread 3 ] DEBUG Engine               - class com.almasb.fxgl.notification.impl.NotificationServiceProvider
19:43:40.430 [FXGL Background Thread 3 ] DEBUG Engine               - class com.almasb.fxgl.achievement.AchievementService
19:43:40.430 [FXGL Background Thread 3 ] DEBUG Engine               - class com.almasb.fxgl.cutscene.CutsceneService
19:43:40.430 [FXGL Background Thread 3 ] DEBUG Engine               - class com.almasb.fxgl.minigames.MiniGameService
19:43:40.430 [FXGL Background Thread 3 ] DEBUG Engine               - class com.almasb.fxgl.net.NetService
19:43:40.430 [FXGL Background Thread 3 ] DEBUG Engine               - class com.almasb.fxgl.app.services.UpdaterService
19:43:40.430 [FXGL Background Thread 3 ] DEBUG Engine               - class com.almasb.fxgl.dev.DevService
19:43:43.671 [JavaFX Application Thread] DEBUG FXGLApplication      - Exiting FXGL
19:43:43.671 [JavaFX Application Thread] DEBUG LoopRunner           - Stopping loop
19:43:43.671 [JavaFX Application Thread] DEBUG SystemBundleService  - Saving FXGL system data
19:43:43.674 [JavaFX Application Thread] DEBUG FileSystemAccess     - Writing to: /Users/litiansuo/IdeaProjects/MineTower/system/fxgl.bundle
19:43:43.677 [JavaFX Application Thread] DEBUG Async                - Shutting down background threads
19:43:43.677 [JavaFX Application Thread] DEBUG PrimaryStageWindow   - Closing main window
19:43:43.704 [JavaFX Application Thread] DEBUG Logger               - Closing Logger
