19:50:52.542 [main                     ] DEBUG Logger               - Configured Logger
19:50:52.551 [main                     ] DEBUG GameApplication      - Logging settings
Title: MineTower
Version: 0.0
Width: 1080
Height: 720
Fullscreen: false
Intro: false
Profiling: false
Single step:false
App Mode: DEVELOPER
Menu Key: ESCAPE
Stage Style: DECORATED
Scene Factory: class com.almasb.fxgl.app.scene.SceneFactory

19:50:52.708 [JavaFX Application Thread] DEBUG FXGLApplication      - Initializing FXGL
19:50:52.710 [JavaFX Application Thread] INFO  Engine               - FXGL-17.3 (30.03.2023 11.49) on MAC (J:21.0.8 FX:21.0.6)
19:50:52.710 [JavaFX Application Thread] DEBUG Engine               - JRE Vendor Name: Oracle Corporation
19:50:52.710 [JavaFX Application Thread] DEBUG Engine               - Running on OS: Mac OS X version 15.6.1
19:50:52.710 [JavaFX Application Thread] DEBUG Engine               - Architecture: aarch64
19:50:52.710 [JavaFX Application Thread] INFO  Engine               - Source code and latest versions at: https://github.com/AlmasB/FXGL
19:50:52.710 [JavaFX Application Thread] INFO  Engine               -       Ask questions and discuss at: https://github.com/AlmasB/FXGL/discussions
19:50:52.710 [JavaFX Application Thread] INFO  Engine               -              Join the FXGL chat at: https://gitter.im/AlmasB/FXGL
19:50:52.741 [JavaFX Application Thread] DEBUG PrimaryStageWindow   - Creating a JavaFX scene
19:50:52.757 [JavaFX Application Thread] DEBUG PrimaryStageWindow   - Target settings size: 1080.0 x 720.0
19:50:52.757 [JavaFX Application Thread] DEBUG PrimaryStageWindow   - Scaled scene size:    1080.0 x 720.0
19:50:52.757 [JavaFX Application Thread] DEBUG PrimaryStageWindow   - Scaled ratio: (1.0, 1.0)
19:50:52.757 [JavaFX Application Thread] DEBUG PrimaryStageWindow   - Set initial scene to FXGLStartupScene
19:50:52.758 [JavaFX Application Thread] DEBUG PrimaryStageWindow   - Opening main window
19:50:52.800 [JavaFX Application Thread] DEBUG PrimaryStageWindow   - Window border size: (0.0, 28.0)
19:50:52.800 [JavaFX Application Thread] DEBUG PrimaryStageWindow   - Scaled size: 1080.0 x 720.0
19:50:52.800 [JavaFX Application Thread] DEBUG PrimaryStageWindow   - Scaled ratio: (1.0, 1.0)
19:50:52.800 [JavaFX Application Thread] DEBUG PrimaryStageWindow   - Scene size: 1080.0 x 720.0
19:50:52.800 [JavaFX Application Thread] DEBUG PrimaryStageWindow   - Stage size: 1080.0 x 748.0
19:50:52.802 [FXGL Background Thread 1 ] DEBUG Engine               - Initializing environment variables
19:50:52.817 [FXGL Background Thread 1 ] DEBUG FXGLAssetLoaderServi - User app class for loading assets: class org.example.StartMenu
19:50:52.817 [FXGL Background Thread 1 ] DEBUG GameApplicationServi - Applying CSS: fxgl_dark.css
19:50:52.818 [FXGL Background Thread 1 ] DEBUG FXGLAssetLoaderServi - Loading from file system: jar:file:///Users/litiansuo/.m2/repository/com/github/almasb/fxgl/17.3/fxgl-17.3.jar!/fxglassets/ui/css/fxgl_dark.css
19:50:52.835 [FXGL Background Thread 1 ] DEBUG GameApplicationServi - Initializing application scenes
19:50:52.930 [FXGL Background Thread 1 ] DEBUG GameWorld            - Game world initialized
19:50:52.948 [FXGL Background Thread 1 ] DEBUG PhysicsWorld         - Physics world initialized: appHeight=720, physics.ppm=50.0
19:50:52.948 [FXGL Background Thread 1 ] DEBUG PhysicsWorld         - Using strategy: BRUTE_FORCE
19:50:52.949 [FXGL Background Thread 1 ] DEBUG GameScene            - Game scene initialized: 1080x720
19:50:52.953 [FXGL Background Thread 1 ] DEBUG FXGL.DefaultMenu     - createMenuBodyGameMenu()
19:50:52.958 [FXGL Background Thread 1 ] DEBUG FXGL.DefaultMenu     - createOptionsMenu()
19:50:52.960 [FXGL Background Thread 1 ] DEBUG FXGLAssetLoaderServi - Loading from file system: jar:file:///Users/litiansuo/.m2/repository/com/github/almasb/fxgl/17.3/fxgl-17.3.jar!/fxglassets/textures/particles/smoke.png
19:50:52.991 [FXGL Background Thread 1 ] DEBUG FXGLAssetLoaderServi - Loading from file system: jar:file:///Users/litiansuo/.m2/repository/com/github/almasb/fxgl/17.3/fxgl-17.3.jar!/fxglassets/textures/particles/trace_horizontal.png
19:50:53.000 [FXGL Background Thread 1 ] DEBUG GameApplicationServi - Application scenes initialized
19:50:53.004 [FXGL Background Thread 1 ] DEBUG SystemBundleService  - Loading FXGL system data
19:50:53.005 [FXGL Background Thread 1 ] DEBUG FileSystemAccess     - Reading from: /Users/litiansuo/IdeaProjects/MineTower/system/fxgl.bundle
19:50:53.008 [FXGL Background Thread 1 ] DEBUG SystemBundleService  - Bundle FXGL: {}
19:50:53.008 [FXGL Background Thread 1 ] DEBUG UpdaterService       - Checking for updates
19:50:53.009 [FXGL Background Thread 4 ] DEBUG FXGLApplication      - Loading fonts
19:50:53.009 [FXGL Background Thread 1 ] DEBUG FXGLApplication      - Loading default localization
19:50:53.009 [FXGL Background Thread 1 ] DEBUG FXGLAssetLoaderServi - Loading from file system: jar:file:///Users/litiansuo/.m2/repository/com/github/almasb/fxgl/17.3/fxgl-17.3.jar!/fxglassets/languages/english.lang
19:50:53.009 [FXGL Background Thread 4 ] DEBUG FXGLAssetLoaderServi - Loading from file system: jar:file:///Users/litiansuo/.m2/repository/com/github/almasb/fxgl/17.3/fxgl-17.3.jar!/fxglassets/ui/fonts/VarelaRound-Regular.ttf
19:50:53.015 [FXGL Background Thread 4 ] DEBUG FXGLAssetLoaderServi - Loading from file system: jar:file:///Users/litiansuo/.m2/repository/com/github/almasb/fxgl/17.3/fxgl-17.3.jar!/fxglassets/ui/fonts/Abel-Regular.ttf
19:50:53.015 [FXGL Background Thread 1 ] INFO  FXGLApplication      - FXGL initialization took: 0.213 sec
19:50:53.015 [JavaFX Application Thread] DEBUG FXGLAssetLoaderServi - Loading from file system: jar:file:///Users/litiansuo/.m2/repository/com/github/almasb/fxgl/17.3/fxgl-17.3.jar!/fxglassets/textures/fxgl_icon.png
19:50:53.016 [FXGL Background Thread 4 ] DEBUG FXGLAssetLoaderServi - Loading from file system: jar:file:///Users/litiansuo/.m2/repository/com/github/almasb/fxgl/17.3/fxgl-17.3.jar!/fxglassets/ui/fonts/TerminalLandMono-Regular.otf
19:50:53.017 [FXGL Background Thread 4 ] DEBUG FXGLAssetLoaderServi - Loading from file system: jar:file:///Users/litiansuo/.m2/repository/com/github/almasb/fxgl/17.3/fxgl-17.3.jar!/fxglassets/ui/fonts/Courier-Prime.ttf
19:50:53.026 [JavaFX Application Thread] DEBUG FXGLAssetLoaderServi - Loading from file system: jar:file:///Users/litiansuo/.m2/repository/com/github/almasb/fxgl/17.3/fxgl-17.3.jar!/fxglassets/textures/fxgl_default_cursor.png
19:50:53.030 [JavaFX Application Thread] DEBUG Input                - Registered new binding: Screenshot - CTRL+8
19:50:53.030 [JavaFX Application Thread] DEBUG Input                - Registered new binding: System info dump - CTRL+9
19:50:53.030 [JavaFX Application Thread] DEBUG Input                - Registered new binding: Restart - CTRL+R
19:50:53.030 [JavaFX Application Thread] DEBUG Input                - Registered new binding: Toggle Debug Camera - CTRL+7
19:50:53.031 [JavaFX Application Thread] DEBUG LoopRunner           - Starting loop
19:50:53.031 [JavaFX Application Thread] DEBUG LoopRunner           - Initializing JavaFX AnimationTimerLoop
19:50:53.031 [JavaFX Application Thread] DEBUG GameApplicationServi - Starting new game
19:50:53.031 [JavaFX Application Thread] DEBUG Input                - Clearing active input actions
19:50:53.034 [JavaFX Application Thread] DEBUG GameApplicationServi - Removing overlay from FXGLStartupScene and adding to FXGLLoadingScene
19:50:53.034 [JavaFX Application Thread] DEBUG PrimaryStageWindow   - FXGLStartupScene -> FXGLLoadingScene
19:50:53.034 [JavaFX Application Thread] DEBUG GameApplicationServi - Clearing previous game
19:50:53.035 [JavaFX Application Thread] DEBUG GameScene            - Clearing game scene
19:50:53.035 [JavaFX Application Thread] DEBUG GameWorld            - Clearing game world
19:50:53.035 [JavaFX Application Thread] DEBUG PhysicsWorld         - Clearing physics world
19:50:53.035 [FXGL Background Thread 4 ] DEBUG FXGLApplication      - Initializing game
19:50:53.038 [JavaFX Application Thread] DEBUG FXGLApplication      - Registering font factories with UI factory
19:50:53.064 [FXGL Background Thread 4 ] INFO  FXGLApplication      - Game initialization took: 0.028 sec
19:50:53.082 [JavaFX Application Thread] DEBUG Input                - Clearing active input actions
19:50:53.085 [JavaFX Application Thread] DEBUG GameApplicationServi - Removing overlay from FXGLLoadingScene and adding to GameScene
19:50:53.086 [JavaFX Application Thread] DEBUG PrimaryStageWindow   - FXGLLoadingScene -> GameScene
19:50:55.169 [JavaFX Application Thread] DEBUG FXGLApplication      - Exiting FXGL
19:50:55.169 [JavaFX Application Thread] DEBUG LoopRunner           - Stopping loop
19:50:55.169 [JavaFX Application Thread] DEBUG SystemBundleService  - Saving FXGL system data
19:50:55.173 [JavaFX Application Thread] DEBUG FileSystemAccess     - Writing to: /Users/litiansuo/IdeaProjects/MineTower/system/fxgl.bundle
19:50:55.176 [JavaFX Application Thread] DEBUG Async                - Shutting down background threads
19:50:55.176 [JavaFX Application Thread] DEBUG PrimaryStageWindow   - Closing main window
19:50:55.203 [JavaFX Application Thread] DEBUG Logger               - Closing Logger
